<?xml version="1.0" encoding="UTF-8"?>
<testng-results ignored="0" total="1" passed="1" failed="0" skipped="0">
  <reporter-output>
  </reporter-output>
  <suite started-at="2025-06-19T18:10:59Z" name="Default suite" finished-at="2025-06-19T18:11:05Z" duration-ms="5594">
    <groups>
    </groups>
    <test started-at="2025-06-19T18:10:59Z" name="Default test" finished-at="2025-06-19T18:11:05Z" duration-ms="5594">
      <class name="testPackage.TestClass">
        <test-method signature="a()[pri:0, instance:testPackage.TestClass@5524cca1]" started-at="2025-06-19T18:10:59Z" name="a" finished-at="2025-06-19T18:11:05Z" duration-ms="5579" status="PASS">
          <reporter-output>
          </reporter-output>
        </test-method> <!-- a -->
      </class> <!-- testPackage.TestClass -->
    </test> <!-- Default test -->
  </suite> <!-- Default suite -->
</testng-results>
